<?xml version="1.0" encoding="UTF-8"?>
<!-- Generated by org.testng.reporters.JUnitReportReporter -->
<testsuite skipped="0" hostname="LAPTOP-0AOM9FTS" name="QAclickAcademy.AppiumTest" tests="2" failures="0" timestamp="2021-05-06T00:16:25 EDT" time="0.007" errors="0">
  <testcase name="IOSApp" time="0.000" classname="QAclickAcademy.AppiumTest"/>
  <system-out/>
  <testcase name="nativeAppAndroid" time="0.007" classname="QAclickAcademy.AppiumTest"/>
  <system-out/>
</testsuite> <!-- QAclickAcademy.AppiumTest -->
