<?xml version="1.0" encoding="UTF-8"?>
<!-- Generated by org.testng.reporters.JUnitReportReporter -->
<testsuite skipped="0" hostname="LAPTOP-0AOM9FTS" name="QAclickAcademy.SeleniumTest" tests="2" failures="0" timestamp="2021-05-06T00:15:10 EDT" time="0.000" errors="0">
  <testcase name="elementUA" time="0.000" classname="QAclickAcademy.SeleniumTest"/>
  <system-out/>
  <testcase name="browserAutomation" time="0.000" classname="QAclickAcademy.SeleniumTest"/>
  <system-out/>
</testsuite> <!-- QAclickAcademy.SeleniumTest -->
